0 info it worked if it ends with ok
1 verbose cli [ '/usr/bin/node',
1 verbose cli   '/usr/bin/npm',
1 verbose cli   'completion',
1 verbose cli   '--',
1 verbose cli   'npm',
1 verbose cli   'install',
1 verbose cli   '--save',
1 verbose cli   'body' ]
2 info using npm@1.4.28
3 info using node@v0.10.37
4 verbose node symlink /usr/bin/node
5 verbose request where is /-/short
6 verbose request registry https://registry.npmjs.org/
7 verbose request id 35c16f581ebca69f
8 verbose url raw /-/short
9 verbose url resolving [ 'https://registry.npmjs.org/', './-/short' ]
10 verbose url resolved https://registry.npmjs.org/-/short
11 verbose request where is https://registry.npmjs.org/-/short
12 info trying registry request attempt 1 at 03:23:28
13 http GET https://registry.npmjs.org/-/short
14 http 404 https://registry.npmjs.org/-/short
15 silly registry.get cb [ 404,
15 silly registry.get   { 'content-type': 'application/json',
15 silly registry.get     'cache-control': 'max-age=0',
15 silly registry.get     'content-length': '2',
15 silly registry.get     'accept-ranges': 'bytes',
15 silly registry.get     date: 'Fri, 01 Apr 2016 21:55:03 GMT',
15 silly registry.get     via: '1.1 varnish',
15 silly registry.get     connection: 'keep-alive',
15 silly registry.get     'x-served-by': 'cache-sin6923-SIN',
15 silly registry.get     'x-cache': 'MISS',
15 silly registry.get     'x-cache-hits': '0',
15 silly registry.get     'x-timer': 'S1459547702.546856,VS0,VE838' } ]
16 error TypeError: Object #<Object> has no method 'filter'
16 error     at /usr/lib/node_modules/npm/lib/install.js:43:17
16 error     at saved (/usr/lib/node_modules/npm/node_modules/npm-registry-client/lib/get.js:167:7)
16 error     at Object.oncomplete (fs.js:108:15)
17 error If you need help, you may report this *entire* log,
17 error including the npm and node versions, at:
17 error     <http://github.com/npm/npm/issues>
18 error System Linux 3.13.0-32-generic
19 error command "/usr/bin/node" "/usr/bin/npm" "completion" "--" "npm" "install" "--save" "body"
20 error cwd /home/sagark/Desktop/hackathon
21 error node -v v0.10.37
22 error npm -v 1.4.28
23 error type undefined_method
24 verbose exit [ 1, true ]
